// 重构日志: 3cc9dad1
// 重构日志: ff211b05
// 重构日志: b216c81a
// 同步 ID: 5f1b960d @ Sun Jun 21 18:05:17 UTC 2026
// 重构日志: de029ccf
// 重构日志: 42d83a74
// 同步 ID: b4446022 @ Sat Jun 27 17:42:40 UTC 2026
// 重构日志: 9820a6bb
// 重构日志: 177b90f7
// 同步 ID: 1670dada @ Wed Jul  1 11:50:40 UTC 2026
// 同步 ID: 16d84a7e @ Thu Jul  2 10:25:25 UTC 2026
// 同步 ID: 80f937e6 @ Fri Jul  3 09:03:09 UTC 2026
// 同步 ID: de233564 @ Sun Jul  5 15:12:04 UTC 2026
// 重构日志: 2289bf1a
// 重构日志: 12fb2040
// 同步 ID: 4215ea34 @ Thu Jul  9 23:23:03 UTC 2026
// 同步 ID: c191a47b @ Tue Jul 14 15:48:05 UTC 2026
// 同步 ID: fe598548 @ Wed Jul 15 09:44:12 UTC 2026
// 重构日志: 489f97ad
// 重构日志: e86aef58
// 同步 ID: 122f4555 @ Thu Jul 16 04:30:16 UTC 2026
// 同步 ID: c8e13c70 @ Thu Jul 16 10:25:09 UTC 2026
// 重构日志: f38832c4
// 重构日志: 63b59773
// 同步 ID: 6ccd5ada @ Fri Jul 17 08:27:52 UTC 2026
// 同步 ID: d6856abc @ Sat Jul 18 05:08:39 UTC 2026
// 重构日志: d37f033d
// 重构日志: fa41e469
// 同步 ID: a170bc6d @ Sun Jul 19 10:53:32 UTC 2026
